3.074697  200  64 00 00 00 00 00 02 00 d.......
0.000000  201  00 00 00 00 60          ....`
0.000000  202  DA 1A 00 00 4D 2B 04 00 ....M+..
0.000000  203  00 00 00 00 00 00 FF 0F ........
0.000000  204  00 00 00 00 08 00 00 00 ........
0.000000  450  10 01                   ..
0.000000  665  00 00 00 00 53 17 53 00 ....S.S.
0.000000  666  52 07 01 01 52 01 62 26 R...R.b&




(1617025875.120038) can0 201#0000000068
(1617025875.132408) can0 203#000000000000FF0F
(1617025875.144693) can0 204#0000000000000000
(1617025875.156988) can0 202#DA00000000000000
(1617025875.169245) can0 666#5207010152016226
(1617025875.181571) can0 665#0000000053175300
(1617025875.193899) can0 200#0000000000000000
(1617025875.222499) can0 201#0000000060
(1617025875.234894) can0 203#000000000000FF0F
(1617025875.324995) can0 201#0000000060
(1617025875.337409) can0 203#000000000000FF0F
(1617025875.427509) can0 201#0000000060
(1617025875.439906) can0 203#000000000000FF0F
(1617025875.530009) can0 201#0000000060
(1617025875.542427) can0 203#000000000000FF0F
(1617025875.632524) can0 201#0000000060
(1617025875.644911) can0 203#000000000000FF0F
(1617025875.735018) can0 201#0000000060
(1617025875.747434) can0 203#000000000000FF0F
(1617025875.837523) can0 201#0000000060
(1617025875.849929) can0 203#000000000000FF0F
(1617025875.940024) can0 201#0000000060
(1617025875.952440) can0 203#000000000000FF0F
(1617025876.042533) can0 201#0000000060
(1617025876.054935) can0 203#000000000000FF0F
(1617025876.145019) can0 201#0000000060
(1617025876.157454) can0 203#000000000000FF0F
(1617025876.169736) can0 204#0000000008000000
(1617025876.182013) can0 202#DA1A00004D2B0400
(1617025876.247545) can0 201#0000000060
(1617025876.259941) can0 203#000000000000FF0F
(1617025876.350042) can0 201#0000000060
(1617025876.362452) can0 203#000000000000FF0F
(1617025876.408528) can0 450#1001
(1617025876.452550) can0 201#0000000060
(1617025876.464938) can0 203#000000000000FF0F
(1617025876.555045) can0 201#0000000060
(1617025876.567460) can0 203#000000000000FF0F
(1617025876.657543) can0 201#0000000060
(1617025876.669951) can0 203#000000000000FF0F
(1617025876.760055) can0 201#0000000060
(1617025876.772468) can0 203#000000000000FF0F
(1617025876.862567) can0 201#0000000060
(1617025876.874958) can0 203#000000000000FF0F
(1617025876.958527) can0 450#1001
(1617025876.965054) can0 201#0000000060
(1617025876.977473) can0 203#000000000000FF0F
(1617025877.067570) can0 201#0000000060
(1617025877.079964) can0 203#000000000000FF0F
(1617025877.170067) can0 201#0000000060
(1617025877.182475) can0 203#000000000000FF0F
(1617025877.194764) can0 204#0000000008000000
(1617025877.207047) can0 202#DA1A00004D2B0400
(1617025877.272574) can0 201#0000000060
(1617025877.284972) can0 203#000000000000FF0F
(1617025877.375072) can0 201#0000000060
(1617025877.387486) can0 203#000000000000FF0F
(1617025877.477569) can0 201#0000000060
(1617025877.489975) can0 203#000000000000FF0F
(1617025877.508526) can0 450#1001
(1617025877.580080) can0 201#0000000060
(1617025877.592492) can0 203#000000000000FF0F
(1617025877.682588) can0 201#0000000060
(1617025877.694989) can0 203#000000000000FF0F
(1617025877.785083) can0 201#0000000060
(1617025877.797495) can0 203#000000000000FF0F
(1617025877.887595) can0 201#0000000060
(1617025877.899990) can0 203#000000000000FF0F
(1617025877.990088) can0 201#0000000060
(1617025878.002504) can0 203#000000000000FF0F
(1617025878.058528) can0 450#1001
(1617025878.092601) can0 201#0000000060
(1617025878.104987) can0 203#000000000000FF0F
(1617025878.195098) can0 201#0000000060
(1617025878.207507) can0 203#000000000000FF0F
(1617025878.219794) can0 204#0000000008000000
(1617025878.232067) can0 202#DA1A00004D2B0400
(1617025878.244356) can0 666#5207010152016226
(1617025878.256679) can0 665#0000000053175300
(1617025878.268999) can0 200#6400000000000180

